---
layout: post
title: 'Block 内存布局详解'
date: "2026-03-18T01:01:56Z"
---
Block 内存布局详解
============

Block 内存布局详解

1 内存布局
======

按照`LLVM`工程源码中的`Block-ABI-Apple.rst`描述，`Block`的内存布局如下:

    struct Block {
        void *isa;
        int flags;
        int reserved;
        R(*invoke)(Block *, ...);
        struct Block_Descriptor {
            unsigned long int reserved;
            unsigned long int size;
            void(*copy_helper)(void *dst, void *src);
            void(*dispose_helper)(void *src);
        } *descriptor;
        // 被捕获的变量
        ...
    }
    

`isa`表明`Block`也是一个`OC`对象，它的取值后面会说明。

`flags`是各种标志位，它的取值后面会说明。

`reserved`是保留字段，不赋值。

`invoke`是函数指针，指向`Block`要执行的函数。

`descriptor`是一个结构体指针，里面包含了`Block`的各种描述信息。

`descriptor.reserved`是保留字段，不会进行赋值。

`descriptor.size`是整个`Block`结构体的大小。

`descriptor.copy_helper`与`Block`的拷贝相关，这个成员只有满足特定条件才会存在，后面会有介绍。

`descriptor.dispose_helper`与`Block`的释放相关，这个成员只有满足特定条件才会存在，后面会有介绍。

`descriptor`后面就是`Block`捕获的各种变量。

下面用一个例子来直观感受一下，假设有下面的`Block`定义:

    int bi = 4;
    void(^blk)(int, int, int) = ^(int i, int j, int k) {
        int result = i + j + k + bi;
        NSLog(@"%ld", result);
    };
    

使用`lldb`查看内存布局如下:

    (lldb) po $x0
    <__NSStackBlock__: 0x16ba0f280>
     signature: "v20@?0i8i12i16"
     invoke   : 0x1043eff4c (~/Library/Developer/CoreSimulator/Devices/ABFDFFF1-D158-48E1-9C91-0C8642E93E82/data/Containers/Bundle/Application/FC608AF0-55EA-493E-A1D4-851CFD67F9F0/iOSTest.app/iOSTest`__22-[BlockHandler handle]_block_invoke)
    

可以看到上面的`Block`是一个`__NSStackBlock`，地址是`0x16ba0f280`。

下面看下地址`0x16ba0f280`对应的内存值:

    (lldb) x/8g 0x16ba0f280
    0x16ba0f280: 0x00000001f2d7bb28 0x00000000c0000000
    0x16ba0f290: 0x00000001043eff4c 0x00000001043fc220
    0x16ba0f2a0: 0x0000000000000004 
    

按照上面所述的内存布局:

`0x00000001f2d7bb28`就是`isa`指针。

`0x00000000c0000000`就是`reserved+flags`，高`4`字节是`reserved`，低`4`字节是`flags`。

`0x00000001043eff4c`就是`invoke`指针。

`0x00000001043fc220`就是`descriptor`指针。

`0x0000000000000004`就是捕获的变量`bi`，它的值是`4`。

我们分别将它们的值打印出来确认一下:

    # isa
    (lldb) po 0x00000001f2d7bb28
    __NSStackBlock__
    
    # invoke
    (lldb) image lookup -a 0x00000001043eff4c
          Address: iOSTest[0x0000000100003f4c] (iOSTest.__TEXT.__text + 12020)
          Summary: iOSTest`__22-[BlockHandler handle]_block_invoke at BlockHandler.m:16
          
    # descriptor 指针
    (lldb) image lookup -a 0x00000001043fc220
          Address: iOSTest[0x0000000100010220] (iOSTest.__DATA_CONST.__const + 0)
          Summary: iOSTest`__block_descriptor_36_e14_v20?0i8i12i16l
    

`descriptor`结构体的内存值也可以打印出来:

    (lldb) x/8g 0x00000001043fc220
    0x1043fc220: 0x0000000000000000 0x0000000000000024
    

可以看到第`1`个`8`字节是`reserved`字段，没有赋值，保持`0`。

第`2`个`8`字节是`size`字段，表示整个`Block`结构体占用`0x24`个字节，换算成`10`进制就是`36`字节，捕获的`int`变量只占用了`4`字节。

由于不满足条件，`descriptor`结构体没有`copy_helper`和`dispose_helper`。

2 isa
=====

`Block`结构体最顶部是`isa`指针，说明也可以看成一个`OC`对象。

`Block`的类型可以有以下`3`种:

`StackBlock`: 创建在栈上的`Block`；

`GlobalBlock`: 全局的`Block`；

`MallocBlock`: 创建在堆上的`Block`。

但是，上面所写的`Block`例子:

    int bi = 4;
    void(^blk)(int, int, int) = ^(int i, int j, int k) {
        int result = i + j + k + bi;
        NSLog(@"%ld", result);
    };
    

看起来应该是一个`StackBlock`，但是如果在`lldb`上打印`blk`，会发现它是一个`MallocBlock`:

    (lldb) po [blk description]
    <__NSMallocBlock__: 0x600000c1c1b0>
    

原因是在`ARC`环境下，编译器自动将创建出来的`StackBlock`进行了`Retain`操作，导致变成了`MallocBlock`:

    ...
     0x104b7bebc <+112>: add    x8, x8, #0x220            ; __block_descriptor_36_e14_v20?0i8i12i16l
     0x104b7bec0 <+116>: str    x8, [sp, #0x48]
    0x104b7bec4 <+120>: ldur   w8, [x29, #-0x14]
    0x104b7bec8 <+124>: str    w8, [sp, #0x50]
    ->  0x104b7becc <+128>: bl     0x104b81278               ; symbol stub for: objc_retainBlock
    

如果想查看`StackBlock`，就要在`Retain`之前，像上面一样打印`$x0`寄存器。

同时，并不仅仅是定义在全局环境下的`Block`才能成为`GlobalBlock`。

满足下面`2`个条件，也可以成为`GlobalBlock`:

`1` 定义的`Block`不捕获任何变量；

`2` `Block`内部只使用全局变量或者`static`变量。

也就是说，下面定义的`Block`都是`GlobalBlock`:

    
    void blockTest() {
      // 没有捕获任何变量
      void(^blk)(int, int, int) = ^(int i, int j, int k) {
          int result = i + j + k;
          NSLog(@"%ld", result);
      };
    }
    
    int g = 1; // 全局变量
    void blockTest() {
      // 只使用全局变量
      void(^blk)(int, int, int) = ^(int i, int j, int k) {
          int result = i + j + k + g;
          NSLog(@"%ld", result);
      };
    }
    
    static int s = 1; // 静态变量
    void blockTest() {
      // 只使用静态变量
      void(^blk)(int, int, int) = ^(int i, int j, int k) {
          int result = i + j + k + s;
          NSLog(@"%ld", result);
      };
    }
    
    void blockTest() {
      static int s = 1; // 局部静态变量
      // 只使用局部静态变量
      void(^blk)(int, int, int) = ^(int i, int j, int k) {
          int result = i + j + k + s;
          NSLog(@"%ld", result);
      };
    }
    

3 flags
=======

在`LLVM`工程源码中的`CGBlocks.h`中定义了`flags`:

    enum BlockLiteralFlags {
      BLOCK_IS_NOESCAPE      =  (1 << 23),
      BLOCK_HAS_COPY_DISPOSE =  (1 << 25),
      BLOCK_HAS_CXX_OBJ =       (1 << 26),
      BLOCK_IS_GLOBAL =         (1 << 28),
      BLOCK_USE_STRET =         (1 << 29),
      BLOCK_HAS_SIGNATURE  =    (1 << 30),
      BLOCK_HAS_EXTENDED_LAYOUT = (1u << 31)
    };
    

3.1 BLOCK\_IS\_NOESCAPE
-----------------------

表示定义的`Block`是一个非逃逸的`Block`，但是我在实际中并没有能构造出可以设置这个标志的`Block`😭。

3.2 BLOCK\_HAS\_COPY\_DISPOSE
-----------------------------

表示`Block_Descritpor`结构体中有`copy_helper`和`dispose_helper`。

满足`2`种情形才会设置这个标志。

第`1`种情形是定义的`Block`捕获了其他`Block`:

    void(^blk1)(void) = ^{
        NSLog(@"blk1");
    };
    
    void(^blk)(int, int, int) = ^(int i, int j, int k) {
        // 捕获 blk1
        blk1();
    };
    

第`2`种情形是捕获一个`OC`对象:

    X *x = [X new]
    
    void(^blk)(int, int, int) = ^(int i, int j, int k) {
        // 捕获对象 x
        NSLog(@"%ld", x.i);
    };
    

由于`Block`本身也可以看成是一个`OC`对象，其实这`2`个条件可以看成是一个条件。

3.3 BLOCK\_HAS\_CXX\_OBJ
------------------------

表示`Block`捕获了一个`C++`对象。

    FOO foo; // C++ 对象
    
    void(^blk)(int, int, int) = ^(int i, int j, int k) {
        // 捕获 C++  对象
        NSLog(@"%ld", foo.value());
    };
    

同时`BLOCK_HAS_COPY_DISPOSE`标志也会被设置，用来处理`Block`的`copy`。

3.4 BLOCK\_IS\_GLOBAL
---------------------

表示`Block`是一个全局的`Block`。

3.5 BLOCK\_USE\_STRET
---------------------

按照`LLVM`工程源码中的`Block-ABI-Apple.rst`的说法，`BLOCK_USE_STRET`现在已经是一个无用的标志位了:

> it had been a transitional marker that did not get deleted after the  
> transition

在实际测试中，这个标志位都是没有被设置的。

3.6 BLOCK\_HAS\_SIGNATURE
-------------------------

表示`Block`对象拥有方法签名:

    <__NSMallocBlock__: 0x600000c15fe0>
     signature: "v20@?0i8i12i16" # 签名
     invoke   : 0x100d9ffac
    

3.7 BLOCK\_HAS\_EXTENDED\_LAYOUT
--------------------------------

表示`Block`有捕获的变量。

3.8 Other Flags
---------------

从枚举`enum BlockLiteralFlags`的定义可以看到，当中缺少了`(1 << 24)`和`(1 << 27)`。

这两个枚举定义在`LLVM`工程源码中的`Block_private.h`中:

    enum {
        BLOCK_REFCOUNT_MASK =     (0xffff),
        BLOCK_NEEDS_FREE =        (1 << 24),
        BLOCK_HAS_COPY_DISPOSE =  (1 << 25),
        BLOCK_HAS_CTOR =          (1 << 26), /* Helpers have C++ code. */
        BLOCK_IS_GC =             (1 << 27),
        BLOCK_IS_GLOBAL =         (1 << 28),
        BLOCK_HAS_DESCRIPTOR =    (1 << 29)
    };
    

从上面的定义可以看到，大部分的定义和`enum BlockLiteralFlags`中一样。

3.9 BLOCK\_REFCOUNT\_MASK
-------------------------

表示引用计数计数掩码。

也就是说，`int`类型的`flags`并不是`32bit`都是作为标志，最低`16bit`用来表示`Block`被引用的次数`retainCount`。

    block_retain_count = flag & BLOCK_REFCOUNT_MASK
    

3.10 BLOCK\_NEEDS\_FREE
-----------------------

如果一个`Block`调用了`copy`方法，那么`copy`出来的`Block`这个标志位会被设置。

    // blk2 会设置 BLOCK_NEEDS_FREE
    blk2 = [blk copy];
    

全局的`Block`由于`copy`直接返回自身，所以除外。

3.11 BLOCK\_HAS\_DESCRIPTOR
---------------------------

枚举`enum BlockLiteralFlags`中`(1 << 29)`定义的是`BLOCK_USE_STRET`，和这里有冲突。

在实际测试的过程中，发现这个标志位总是被设置为`0`，应该没什么作用了。

4 invoke
========

`invoke`最简单了，就是指向`Block`要调用的函数。

唯一需要注意的是，这个函数接收的第一个参数，是`Block`对象本身。

5 Block Descriptor
==================

`Block Descriptor`结构体本身比较简单。

需要注意的是，`Block`对象引用的是`Block Descriptor`结构体指针，而不是`Block Descriptor`结构体本身。

可选的`copy_helper`与`dispose_helper`会放到`Block`的`copy`中写。

这里主要介绍一下编译器生成的`Block Descriptor`标识中各个字段的意思，比如:

    __block_descriptor_40_e8_32s_e14_v20?0i8i12i16l
    

这个标识符是按照`LLVM`工程源代码中`CGBlocks.cpp`文件下的函数生成:

    static std::string getBlockDescriptorName(const CGBlockInfo &BlockInfo, CodeGenModule &CGM)
    

以下面的标识符为例:

    __block_descriptor_40_e8_32s_e14_v20?0i8i12i16l
    

`__block_descriptor_`是固定字符串。

`40`是当前`Block`的占用的字节数，十进制。

`_`是连接符。

`e`代表当前语法支持异常。

`8`代表`Block`内存对齐的字节数。

`32s`与捕获的变量有关。

`32`代表当前捕获的变量，在`Block`结构体中的所在的偏移量，十进制。

`s`代表当前捕获的变量类型是一个强引用`(Strong)`对象类型。

捕获变量类型由`CGBlocks.cpp`中的函数生成:

    static std::string getBlockCaptureStr(const CGBlockInfo::Capture &Cap, CaptureStrKind StrKind, CharUnits BlockAlignment, CodeGenModule &CGM) 
    

如果`Block`捕获了多个变量，会有多个`(`偏移量`+`类型`)`拼接进去。

`e`是固定字符。

`14`代表`Block`签名字符串的畅读，也就是后面`v20?0i8i12i16`的长度，十进制。

`v20?0i8i12i16`代表`Block`的签名。

`l`固定字符，注意是字母`l`，而不是数字`1`。

需要注意的是，`e8_32s`这一部分，只有当`Block`的标志设置了`BLOCK_HAS_COPY_DISPOSE`才会有，否则不会有这一部分。

6 捕获的变量
=======

6.1 全局变量
--------

如果`Block`内部引用的是全局变量或者是静态变量，都不会被捕获:

    int g = 1; // 全局变量
    static int s = 2; // 全局静态变量
    
    void blockTest() {
      static int ss = 3
      void(^blk)(void) = ^{
        NSLog(@"%d", g + s + ss);
      };
    }
    

上面`g`和`s`变量不会被捕获。

6.2 auto 自动变量
-------------

`auto`自动变量会被捕获，这个是最常见的情形。

6.3 隐式捕获
--------

如果内层`Block`捕获了一个变量，那么它所有的外层`Block`都会捕获这个变量，即使外层的`Block`没有使用这个变量。

    int i = 3; // 局部变量
    
    void(^outer)(void) = ^{
      void(^inner)(void) = ^{
        NSLog(@"%d", i);
      };
    };
    

打印`outer`的内存如下:

    (lldb) po [outer description]
    <__NSMallocBlock__: 0x600000c2f8a0>
    (lldb) x/8g 0x600000c2f8a0
    0x600000c2f8a0: 0x00000001f2d7bb78 0x00000000c1000002
    0x600000c2f8b0: 0x00000001045a3ee8 0x00000001045b0220
    0x600000c2f8c0: 0x0000000000000003 
    

内层`inner`捕获了变量`i`，外层`outer`即使没有使用`i`，也会捕获`i`。